#
# A fatal error has been detected by the Java Runtime Environment:
#
#  SIGBUS (0x7) at pc=0x00007ff58532b980, pid=3683, tid=140692246374144
#
# JRE version: Java(TM) SE Runtime Environment (8.0_73-b02) (build 1.8.0_73-b02)
# Java VM: Java HotSpot(TM) 64-Bit Server VM (25.73-b02 mixed mode linux-amd64 compressed oops)
# Problematic frame:
# J 818 C2 org.eclipse.jetty.util.DateCache.formatNow()V (61 bytes) @ 0x00007ff58532b980 [0x00007ff58532b800+0x180]
#
# Failed to write core dump. Core dumps have been disabled. To enable core dumping, try "ulimit -c unlimited" before starting Java again
#
# If you would like to submit a bug report, please visit:
#   http://bugreport.java.com/bugreport/crash.jsp
#

---------------  T H R E A D  ---------------

Current thread (0x00007ff5440a7800):  JavaThread "DateCache" daemon [_thread_in_Java, id=3714, stack(0x00007ff5774e2000,0x00007ff5775e3000)]

siginfo: 
[error occurred during error reporting (printing siginfo), id 0x7]

Registers:
RAX=0x00000000ec6a5000, RBX=0x00007ff5775e16c0, RCX=0x0000000000000000, RDX=0x00000000590ce8b8
RSP=0x00007ff5775e1670, RBP=0x000000010000d600, RSI=0x00000000590ce8b8, RDI=0x00007ff5775e1650
R8 =0x00000000ec6a4fe8, R9 =0x0000000020001ac0, R10=0x00000000ec6a5030, R11=0x00000000ec6a4fd0
R12=0x0000000000000000, R13=0x00007ff5775e1720, R14=0x0000000000000000, R15=0x00007ff5440a7800
RIP=0x00007ff58532b980, EFLAGS=0x0000000000010293, CSGSFS=0x0000000000000033, ERR=0x0000000000000006
  TRAPNO=0x000000000000000e

Top of Stack: (sp=0x00007ff5775e1670)
0x00007ff5775e1670:   0000000000000000 00000000590ce8b8
0x00007ff5775e1680:   00007ff5600039a0 00000000ed1dff20
0x00007ff5775e1690:   00007ff5775e1738 00007ff544074280
0x00007ff5775e16a0:   00000000ed1dff78 00007ff5440a7800
0x00007ff5775e16b0:   00007ff5ed1dfb30 00000000ed1dff78
0x00007ff5775e16c0:   0000000000000011 00007ff599c3349c
0x00007ff5775e16d0:   00007ff5440a7800 0000000000000282
0x00007ff5775e16e0:   00007ff5775e1788 00007ff5851101e0
0x00007ff5775e16f0:   00007ff57e051b0d 00007ff5775e17e8
0x00007ff5775e1700:   00007ff5775e1788 00007ff585007c4d
0x00007ff5775e1710:   0000015bda6d12a9 00007ff585007c4d
0x00007ff5775e1720:   00000000ed1dff50 0000000000000011
0x00007ff5775e1730:   0000000000000000 0000000000000003
0x00007ff5775e1740:   0000000000000000 00007ff5775e1728
0x00007ff5775e1750:   00007ff57e051b1d 00007ff5775e17e8
0x00007ff5775e1760:   00007ff57e051bf8 0000000000000000
0x00007ff5775e1770:   00007ff57e051ba0 00007ff5775e1720
0x00007ff5775e1780:   00007ff5775e17e8 00007ff5775e1830
0x00007ff5775e1790:   00007ff585007c4d 0000000000000000
0x00007ff5775e17a0:   0000000000000000 00000000ed1dff90
0x00007ff5775e17b0:   0000015bda6d0ec1 0000000000000000
0x00007ff5775e17c0:   0000015bda6d0ec1 0000000000000000
0x00007ff5775e17d0:   00000000ed1dff78 0000000000000001
0x00007ff5775e17e0:   00000000ed1dff50 00000000ed1df958
0x00007ff5775e17f0:   00007ff5775e17f0 00007ff57e051931
0x00007ff5775e1800:   00007ff5775e1868 00007ff57e051bf8
0x00007ff5775e1810:   0000000000000000 00007ff57e0519b8
0x00007ff5775e1820:   00007ff5775e17e8 00007ff5775e1868
0x00007ff5775e1830:   00007ff5775e18d0 00007ff5850007a7
0x00007ff5775e1840:   0000000000000000 0000000000000000
0x00007ff5775e1850:   0000000000000000 0000000000000000
0x00007ff5775e1860:   0000000000000000 00000000ed1df958 

Instructions: (pc=0x00007ff58532b980)
0x00007ff58532b960:   8b 47 60 4c 8b d0 49 83 c2 30 4d 3b 57 70 0f 83
0x00007ff58532b970:   ce 03 00 00 4d 89 57 60 41 0f 18 82 c0 00 00 00
0x00007ff58532b980:   48 c7 00 01 00 00 00 41 0f 18 82 00 01 00 00 c7
0x00007ff58532b990:   40 08 41 00 00 20 41 0f 18 82 40 01 00 00 c7 40 

Register to memory mapping:

RAX=
[error occurred during error reporting (printing register info), id 0x7]

Stack: [0x00007ff5774e2000,0x00007ff5775e3000],  sp=0x00007ff5775e1670,  free space=1021k
Native frames: (J=compiled Java code, j=interpreted, Vv=VM code, C=native code)
J 818 C2 org.eclipse.jetty.util.DateCache.formatNow()V (61 bytes) @ 0x00007ff58532b980 [0x00007ff58532b800+0x180]
J 820 C2 org.eclipse.jetty.util.DateCache$1.run()V (8 bytes) @ 0x00007ff5851101e0 [0x00007ff5851101a0+0x40]
j  java.util.TimerThread.mainLoop()V+221
j  java.util.TimerThread.run()V+1
v  ~StubRoutines::call_stub
V  [libjvm.so+0x68c656]